build/app/outputs/mapping/release/seeds.txt
com.example.newmap.MainActivity
com.example.newmap.MainActivity: MainActivity()
...
io.flutter.embedding.engine.FlutterJNI: boolean loadLibraryCalled
io.flutter.embedding.engine.FlutterJNI: void updateSemantics(java.nio.ByteBuffer,java.lang.String[])
com.google.android.gms.internal.firebase-auth-api.zzff
org.threeten.bp.chrono.HijrahDate
io.flutter.view.AccessibilityViewEmbedder: void setFlutterNodeParent(android.view.accessibility.AccessibilityNodeInfo,android.view.View,android.view.accessibility.AccessibilityNodeInfo)
io.flutter.embedding.engine.FlutterJNI: void setSemanticsEnabled(boolean)
com.google.android.gms.maps.model.MapStyleOptions: android.os.Parcelable$Creator CREATOR
com.google.android.gms.internal.firebase-auth-api.zzjt: int zze
io.flutter.plugin.platform.SingleViewPresentation: io.flutter.plugin.platform.SingleViewPresentation$PresentationState state
io.flutter.plugins.urllauncher.WebViewActivity
com.google.gson.LongSerializationPolicy: com.google.gson.LongSerializationPolicy[] values()
com.dexterous.flutterlocalnotifications.models.NotificationDetails: java.lang.String PROGRESS
com.dexterous.flutterlocalnotifications.models.NotificationDetails: java.lang.String CHANNEL_ACTION
com.google.android.gms.internal.firebase-auth-api.zzhw: com.google.android.gms.internal.firebase-auth-api.zzhz zze
com.dexterous.flutterlocalnotifications.FlutterLocalNotificationsPlugin: java.lang.String CREATE_NOTIFICATION_CHANNEL_GROUP_METHOD
com.google.android.gms.internal.firebase-auth-api.zzwe: com.google.android.gms.internal.firebase-auth-api.zzwe[] values()
androidx.lifecycle.Lifecycle$Event: androidx.lifecycle.Lifecycle$Event ON_RESUME
com.google.firebase.database.collection.LLRBNode$Color: com.google.firebase.database.collection.LLRBNode$Color valueOf(java.lang.String)
com.dexterous.flutterlocalnotifications.RuntimeTypeAdapterFactory: java.util.Map access$200(com.dexterous.flutterlocalnotifications.RuntimeTypeAdapterFactory)
org.threeten.bp.Month: org.threeten.bp.Month[] values()
io.flutter.embedding.engine.FlutterJNI: void handlePlatformMessageResponse(int,byte[])
com.dexterous.flutterlocalnotifications.models.NotificationDetails: java.lang.String largeIcon
com.dexterous.flutterlocalnotifications.RuntimeTypeAdapterFactory: java.lang.String access$000(com.dexterous.flutterlocalnotifications.RuntimeTypeAdapterFactory)
io.flutter.embedding.engine.FlutterJNI: void nativeDispatchPlatformMessage(long,java.lang.String,java.nio.ByteBuffer,int,int)
com.dexterous.flutterlocalnotifications.models.IconSource: com.dexterous.flutterlocalnotifications.models.IconSource[] $VALUES
io.flutter.plugin.editing.ImeSyncDeferringInsetsCallback: android.view.View access$602(io.flutter.plugin.editing.ImeSyncDeferringInsetsCallback,android.view.View)
com.google.android.gms.internal.firebase-auth-api.zziv: java.lang.String zze
com.google.firebase.messaging.FirebaseMessagingRegistrar: FirebaseMessagingRegistrar()
com.google.firebase.auth.FirebaseAuth
org.threeten.bp.chrono.ThaiBuddhistChronology
com.dexterous.flutterlocalnotifications.models.NotificationDetails: java.lang.String timeZoneName
com.dexterous.flutterlocalnotifications.NotificationStyle
io.flutter.plugins.firebase.core.FlutterFirebasePlugin: com.google.android.gms.tasks.Task getPluginConstantsForFirebaseApp(com.google.firebase.FirebaseApp)
com.dexterous.flutterlocalnotifications.models.NotificationDetails: void readGroupingInformation(com.dexterous.flutterlocalnotifications.models.NotificationDetails,java.util.Map)
com.dexterous.flutterlocalnotifications.models.NotificationChannelDetails: java.lang.String groupId
com.dexterous.flutterlocalnotifications.models.NotificationDetails: java.lang.String CHANNEL_DESCRIPTION
org.threeten.bp.zone.StandardZoneRules
androidx.core.app.ComponentActivity: ComponentActivity()
android.support.v4.media.MediaDescriptionCompat