build/app/outputs/mapping/release/mapping.txt
# compiler: R8
# compiler_version: 2.1.62
# min_api: 21
# pg_map_id: 57578d8
# common_typos_disable
...
com.google.firebase.database.snapshot.ChildrenNode$ChildVisitor -> com.google.firebase.database.y.c$c:
    void visitEntry(java.lang.Object,java.lang.Object) -> a
    void visitChild(com.google.firebase.database.snapshot.ChildKey,com.google.firebase.database.snapshot.Node) -> b
    void visitEntry(com.google.firebase.database.snapshot.ChildKey,com.google.firebase.database.snapshot.Node) -> c
com.google.firebase.database.snapshot.ChildrenNode$NamedNodeIterator -> com.google.firebase.database.y.c$d:
    java.util.Iterator iterator -> c
    com.google.firebase.database.snapshot.NamedNode next() -> a
com.google.firebase.database.snapshot.CompoundHash -> com.google.firebase.database.y.d:
    java.util.List hashes -> b
    java.util.List posts -> a
    void access$500(com.google.firebase.database.snapshot.Node,com.google.firebase.database.snapshot.CompoundHash$CompoundHashBuilder) -> a
    com.google.firebase.database.snapshot.CompoundHash fromNode(com.google.firebase.database.snapshot.Node) -> b
    com.google.firebase.database.snapshot.CompoundHash fromNode(com.google.firebase.database.snapshot.Node,com.google.firebase.database.snapshot.CompoundHash$SplitStrategy) -> c
    java.util.List getHashes() -> d
    java.util.List getPosts() -> e
    void processNode(com.google.firebase.database.snapshot.Node,com.google.firebase.database.snapshot.CompoundHash$CompoundHashBuilder) -> f
com.google.firebase.database.snapshot.CompoundHash$1 -> com.google.firebase.database.y.d$a:
    com.google.firebase.database.snapshot.CompoundHash$CompoundHashBuilder val$state -> a
    void visitChild(com.google.firebase.database.snapshot.ChildKey,com.google.firebase.database.snapshot.Node) -> b
com.google.firebase.database.snapshot.CompoundHash$CompoundHashBuilder -> com.google.firebase.database.y.d$b:
    java.util.Stack currentPath -> b
    java.util.List currentPaths -> f
    com.google.firebase.database.snapshot.CompoundHash$SplitStrategy splitStrategy -> h
    boolean needsComma -> e
    java.lang.StringBuilder optHashValueBuilder -> a
    int currentPathDepth -> d
    java.util.List currentHashes -> g
    int lastLeafDepth -> c
    void access$000(com.google.firebase.database.snapshot.CompoundHash$CompoundHashBuilder) -> a
    java.util.List access$100(com.google.firebase.database.snapshot.CompoundHash$CompoundHashBuilder) -> b
    java.util.List access$200(com.google.firebase.database.snapshot.CompoundHash$CompoundHashBuilder) -> c
    void access$300(com.google.firebase.database.snapshot.CompoundHash$CompoundHashBuilder,com.google.firebase.database.snapshot.LeafNode) -> d
    void access$400(com.google.firebase.database.snapshot.CompoundHash$CompoundHashBuilder,com.google.firebase.database.snapshot.ChildKey) -> e
    void access$600(com.google.firebase.database.snapshot.CompoundHash$CompoundHashBuilder) -> f
    void appendKey(java.lang.StringBuilder,com.google.firebase.database.snapshot.ChildKey) -> g
    boolean buildingRange() -> h
    int currentHashLength() -> i
    com.google.firebase.database.core.Path currentPath() -> j
    com.google.firebase.database.core.Path currentPath(int) -> k
    void endChild() -> l
    void endRange() -> m
com.google.firebase.database.snapshot.CompoundHash$SimpleSizeSplitStrategy -> com.google.firebase.database.y.d$c:
    long splitThreshold -> a
    boolean shouldSplit(com.google.firebase.database.snapshot.CompoundHash$CompoundHashBuilder) -> a
com.google.firebase.database.snapshot.CompoundHash$SplitStrategy -> com.google.firebase.database.y.d$d:
    boolean shouldSplit(com.google.firebase.database.snapshot.CompoundHash$CompoundHashBuilder) -> a