build/app/outputs/mapping/release/usage.txt
com.example.newmap.R$drawable
com.example.newmap.R$integer
com.example.newmap.R$layout
com.example.newmap.R
com.example.newmap.R$mipmap
com.example.newmap.R$style
com.example.newmap.R$styleable
com.example.newmap.BuildConfig
com.example.newmap.R$string
com.example.newmap.R$color
com.example.newmap.R$dimen
com.example.newmap.R$id
com.example.newmap.R$xml
com.example.newmap.R$attr
...
kotlin.collections.ArraysKt___ArraysKt$asIterable$$inlined$Iterable$2
com.google.firebase.database.annotations.Nullable
kotlin.UIntArray
androidx.media.MediaSessionManager$MediaSessionManagerImpl
com.google.firebase.database.tubesock.WebSocketException:
    private static final long serialVersionUID
org.intellij.lang.annotations.JdkConstants$FlowLayoutAlignment
com.google.android.gms.internal.location.zzh
androidx.loader.R$id
com.baseflow.geolocator.location.LocationManagerClient:
    private static final long TWO_MINUTES
androidx.legacy.coreui.R$id
androidx.fragment.R$attr
kotlin.jvm.functions.Function11
androidx.customview.widget.ViewDragHelper
kotlin.coroutines.ContinuationInterceptor$Key
kotlin.text.StringsKt__StringsKt$splitToSequence$2
com.google.android.gms.internal.firebase-auth-api.zzaam:
    private void <init>()
io.flutter.plugin.common.EventChannel$EventSink:
    public abstract void endOfStream()
com.google.android.gms.stats.WakeLock:
    public boolean isHeld()
com.google.firebase.database.connection.HostInfo:
    private static final java.lang.String VERSION_PARAM
    private static final java.lang.String LAST_SESSION_ID_PARAM
com.google.android.datatransport.runtime.TransportRuntime:
    static void withInstance(com.google.android.datatransport.runtime.TransportRuntimeComponent,java.util.concurrent.Callable)
    public com.google.android.datatransport.TransportFactory newFactory(java.lang.String)
android.support.v4.media.session.MediaControllerCompat$MediaControllerExtraData
kotlin.collections.AbstractMutableCollection
androidx.coordinatorlayout.widget.CoordinatorLayout$LayoutParams
com.google.android.gms.internal.location.zzbi
com.google.firebase.appcheck.interop.R$string
com.google.android.gms.common.api.internal.zaan
io.flutter.embedding.android.DrawableSplashScreen$DrawableSplashScreenView:
    public void <init>(android.content.Context,android.util.AttributeSet)
kotlin.SuccessOrFailureKt
kotlin.jvm.JvmStatic
kotlin.sequences.SequencesKt
kotlin.text.MatcherMatchResult
androidx.core.R$styleable
com.google.firebase.iid.internal.FirebaseInstanceIdInternal:
    public abstract java.lang.String getId()
androidx.viewpager.widget.PagerTabStrip
android.support.v4.media.MediaBrowserCompat$MediaBrowserImplBase$6
com.google.android.gms.location.GeofencingApi:
    public abstract com.google.android.gms.common.api.PendingResult addGeofences(com.google.android.gms.common.api.GoogleApiClient,java.util.List,android.app.PendingIntent)
    public abstract com.google.android.gms.common.api.PendingResult addGeofences(com.google.android.gms.common.api.GoogleApiClient,com.google.android.gms.location.GeofencingRequest,android.app.PendingIntent)
    public abstract com.google.android.gms.common.api.PendingResult removeGeofences(com.google.android.gms.common.api.GoogleApiClient,android.app.PendingIntent)
    public abstract com.google.android.gms.common.api.PendingResult removeGeofences(com.google.android.gms.common.api.GoogleApiClient,java.util.List)
com.google.android.gms.maps.model.IndoorBuilding
com.google.android.gms.common.internal.zao
io.flutter.plugin.editing.FlutterTextUtils:
    public static final int LINE_FEED
    public static final int CARRIAGE_RETURN
    public static final int COMBINING_ENCLOSING_KEYCAP
    public static final int CANCEL_TAG
    public static final int ZERO_WIDTH_JOINER
androidx.core.provider.FontsContractCompat$4$3
androidx.media.MediaBrowserServiceCompat$3
com.google.android.gms.common.api.internal.zacc
androidx.core.provider.SelfDestructiveThread
com.google.android.gms.maps.GoogleMap$InfoWindowAdapter
androidx.annotation.UiThread
com.google.firebase.encoders.annotations.Encodable
kotlin.text.MatcherMatchResult$groups$1$iterator$1
kotlin.collections.IntIterator